<?xml version="1.0" encoding="UTF-8"?>
<!-- Generated by org.testng.reporters.JUnitXMLReporter -->
<testsuite ignored="0" hostname="abdulraheemPC" failures="0" tests="4" name="Default test" time="25.528" errors="0" timestamp="2025-07-08T21:33:19 EET">
  <testcase classname="loginPage.myTestCases" name="Signup" time="11.186"/>
  <testcase classname="loginPage.myTestCases" name="Logout" time="3.967"/>
  <testcase classname="loginPage.myTestCases" name="Login" time="1.549"/>
  <testcase classname="loginPage.myTestCases" name="AddtoCart" time="7.047"/>
</testsuite> <!-- Default test -->
