<?xml version="1.0" encoding="UTF-8"?>
<!-- Generated by org.testng.reporters.JUnitXMLReporter -->
<testsuite ignored="1" hostname="abdulraheemPC" failures="0" tests="3" name="Default test" time="17.718" errors="0" timestamp="2025-07-14T21:18:12 EET">
  <testcase classname="loginPage.myTestCases" name="Signup" time="10.247"/>
  <testcase classname="loginPage.myTestCases" name="Logout" time="1.917"/>
  <testcase classname="loginPage.myTestCases" name="Login" time="3.476"/>
  <testcase classname="loginPage.myTestCases" name="AddtoCart" time="0.0">
    <ignored/>
  </testcase> <!-- AddtoCart -->
</testsuite> <!-- Default test -->
