<?xml version="1.0" encoding="UTF-8"?>
<testng-results ignored="1" total="4" passed="3" failed="0" skipped="0">
  <reporter-output>
  </reporter-output>
  <suite started-at="2025-07-14T21:17:54 EET" name="Default suite" finished-at="2025-07-14T21:18:12 EET" duration-ms="17718">
    <groups>
    </groups>
    <test started-at="2025-07-14T21:17:54 EET" name="Default test" finished-at="2025-07-14T21:18:12 EET" duration-ms="17718">
      <class name="loginPage.myTestCases">
        <test-method is-config="true" signature="mySetup()[pri:0, instance:loginPage.myTestCases@158a3b2e]" started-at="2025-07-14T21:17:54 EET" name="mySetup" finished-at="2025-07-14T21:17:56 EET" duration-ms="1992" status="PASS">
          <reporter-output>
          </reporter-output>
        </test-method> <!-- mySetup -->
        <test-method signature="Signup()[pri:1, instance:loginPage.myTestCases@158a3b2e]" started-at="2025-07-14T21:17:56 EET" name="Signup" finished-at="2025-07-14T21:18:07 EET" duration-ms="10247" status="PASS">
          <reporter-output>
          </reporter-output>
        </test-method> <!-- Signup -->
        <test-method signature="Logout()[pri:2, instance:loginPage.myTestCases@158a3b2e]" started-at="2025-07-14T21:18:07 EET" name="Logout" finished-at="2025-07-14T21:18:09 EET" duration-ms="1917" status="PASS">
          <reporter-output>
          </reporter-output>
        </test-method> <!-- Logout -->
        <test-method signature="Login()[pri:3, instance:loginPage.myTestCases@158a3b2e]" started-at="2025-07-14T21:18:09 EET" name="Login" finished-at="2025-07-14T21:18:12 EET" duration-ms="3476" status="PASS">
          <reporter-output>
          </reporter-output>
        </test-method> <!-- Login -->
      </class> <!-- loginPage.myTestCases -->
    </test> <!-- Default test -->
  </suite> <!-- Default suite -->
</testng-results>
